#
# There is insufficient memory for the Java Runtime Environment to continue.
# Native memory allocation (mmap) failed to map 264241152 bytes for G1 virtual space
# Possible reasons:
#   The system is out of physical RAM or swap space
#   The process is running with CompressedOops enabled, and the Java Heap may be blocking the growth of the native heap
# Possible solutions:
#   Reduce memory load on the system
#   Increase physical memory or swap space
#   Check if swap backing store is full
#   Decrease Java heap size (-Xmx/-Xms)
#   Decrease number of Java threads
#   Decrease Java thread stack sizes (-Xss)
#   Set larger code cache with -XX:ReservedCodeCacheSize=
#   JVM is running with Zero Based Compressed Oops mode in which the Java heap is
#     placed in the first 32GB address space. The Java Heap base address is the
#     maximum limit for the native heap growth. Please use -XX:HeapBaseMinAddress
#     to set the Java Heap base and to place the Java Heap above 32GB virtual address.
# This output file may be truncated or incomplete.
#
#  Out of Memory Error (os_windows.cpp:3613), pid=9672, tid=25696
#
# JRE version:  (17.0.10+7) (build )
# Java VM: OpenJDK 64-Bit Server VM (17.0.10+7, mixed mode, sharing, tiered, compressed oops, compressed class ptrs, g1 gc, windows-amd64)
# No core dump will be written. Minidumps are not enabled by default on client versions of Windows
#

---------------  S U M M A R Y ------------

Command Line: -Dfile.encoding=UTF-8 -Dstdout.encoding=UTF-8 -Dstderr.encoding=UTF-8 -XX:+ShowCodeDetailsInExceptionMessages application.App

Host: 12th Gen Intel(R) Core(TM) i5-1240P, 16 cores, 15G,  Windows 11 , 64 bit Build 26100 (10.0.26100.2454)
Time: Sat Dec 21 15:00:45 2024 Romance Standard Time elapsed time: 1.062086 seconds (0d 0h 0m 1s)

---------------  T H R E A D  ---------------

Current thread (0x000001cbbdb491c0):  JavaThread "Unknown thread" [_thread_in_vm, id=25696, stack(0x000000ba6da00000,0x000000ba6db00000)]

Stack: [0x000000ba6da00000,0x000000ba6db00000]
Native frames: (J=compiled Java code, j=interpreted, Vv=VM code, C=native code)
V  [jvm.dll+0x67d2c9]
V  [jvm.dll+0x834afa]
V  [jvm.dll+0x8365be]
V  [jvm.dll+0x836c23]
V  [jvm.dll+0x2477ff]
V  [jvm.dll+0x67a109]
V  [jvm.dll+0x66eb7a]
V  [jvm.dll+0x30764b]
V  [jvm.dll+0x30eaf6]
V  [jvm.dll+0x35e83e]
V  [jvm.dll+0x35ea6f]
V  [jvm.dll+0x2de248]
V  [jvm.dll+0x2df1b4]
V  [jvm.dll+0x806361]
V  [jvm.dll+0x36c6f1]
V  [jvm.dll+0x7e4e06]
V  [jvm.dll+0x3eff3f]
V  [jvm.dll+0x3f1b71]
C  [jli.dll+0x528f]
C  [ucrtbase.dll+0x14ea0]
C  [KERNEL32.DLL+0x2e8d7]
C  [ntdll.dll+0xdfbcc]


---------------  P R O C E S S  ---------------

Threads class SMR info:
_java_thread_list=0x00007ffa1d18ee98, length=0, elements={
}

Java Threads: ( => current thread )

Other Threads:
  0x000001cbbdbb5fd0 GCTaskThread "GC Thread#0" [stack: 0x000000ba6db00000,0x000000ba6dc00000] [id=9920]
  0x000001cbbdbc7dd0 ConcurrentGCThread "G1 Main Marker" [stack: 0x000000ba6dc00000,0x000000ba6dd00000] [id=2112]
  0x000001cbbdbc87f0 ConcurrentGCThread "G1 Conc#0" [stack: 0x000000ba6dd00000,0x000000ba6de00000] [id=1896]

[error occurred during error reporting (printing all threads), id 0xc0000005, EXCEPTION_ACCESS_VIOLATION (0xc0000005) at pc=0x00007ffa1c94ec87]

VM state: not at safepoint (not fully initialized)

VM Mutex/Monitor currently owned by a thread:  ([mutex/lock_event])
[0x000001cbbdb44b70] Heap_lock - owner thread: 0x000001cbbdb491c0

Heap address: 0x0000000705c00000, size: 4004 MB, Compressed Oops mode: Zero based, Oop shift amount: 3

CDS archive(s) mapped at: [0x0000000000000000-0x0000000000000000-0x0000000000000000), size 0, SharedBaseAddress: 0x0000000800000000, ArchiveRelocationMode: 1.
Narrow klass base: 0x0000000000000000, Narrow klass shift: 0, Narrow klass range: 0x0

GC Precious Log:
<Empty>

Heap:
 garbage-first heap   total 0K, used 0K [0x0000000705c00000, 0x0000000800000000)
  region size 2048K, 0 young (0K), 0 survivors (0K)

[error occurred during error reporting (printing heap information), id 0xc0000005, EXCEPTION_ACCESS_VIOLATION (0xc0000005) at pc=0x00007ffa1cd36fb9]

GC Heap History (0 events):
No events

Dll operation events (1 events):
Event: 0.029 Loaded shared library C:\Users\aurel\.p2\pool\plugins\org.eclipse.justj.openjdk.hotspot.jre.full.win32.x86_64_17.0.10.v20240120-1143\jre\bin\java.dll

Deoptimization events (0 events):
No events

Classes unloaded (0 events):
No events

Classes redefined (0 events):
No events

Internal exceptions (0 events):
No events

VM Operations (0 events):
No events

Events (0 events):
No events


Dynamic libraries:
0x00007ff79bd10000 - 0x00007ff79bd1e000 	C:\Users\aurel\.p2\pool\plugins\org.eclipse.justj.openjdk.hotspot.jre.full.win32.x86_64_17.0.10.v20240120-1143\jre\bin\javaw.exe
0x00007ffaa29a0000 - 0x00007ffaa2c03000 	C:\WINDOWS\SYSTEM32\ntdll.dll
0x00007ffaa1b10000 - 0x00007ffaa1bd8000 	C:\WINDOWS\System32\KERNEL32.DLL
0x00007ffa9fe20000 - 0x00007ffaa01d2000 	C:\WINDOWS\System32\KERNELBASE.dll
0x00007ffaa0680000 - 0x00007ffaa07cb000 	C:\WINDOWS\System32\ucrtbase.dll
0x00007ffa8c9f0000 - 0x00007ffa8ca07000 	C:\Users\aurel\.p2\pool\plugins\org.eclipse.justj.openjdk.hotspot.jre.full.win32.x86_64_17.0.10.v20240120-1143\jre\bin\jli.dll
0x00007ffa8c780000 - 0x00007ffa8c79b000 	C:\Users\aurel\.p2\pool\plugins\org.eclipse.justj.openjdk.hotspot.jre.full.win32.x86_64_17.0.10.v20240120-1143\jre\bin\VCRUNTIME140.dll
0x00007ffaa0b20000 - 0x00007ffaa0ce8000 	C:\WINDOWS\System32\USER32.dll
0x00007ffaa07d0000 - 0x00007ffaa07f7000 	C:\WINDOWS\System32\win32u.dll
0x00007ffaa2830000 - 0x00007ffaa285a000 	C:\WINDOWS\System32\GDI32.dll
0x00007ffa87030000 - 0x00007ffa872c0000 	C:\WINDOWS\WinSxS\amd64_microsoft.windows.common-controls_6595b64144ccf1df_6.0.26100.2454_none_3e0b68a2e331ad60\COMCTL32.dll
0x00007ffaa0280000 - 0x00007ffaa03ab000 	C:\WINDOWS\System32\gdi32full.dll
0x00007ffaa2070000 - 0x00007ffaa2119000 	C:\WINDOWS\System32\msvcrt.dll
0x00007ffa9fd70000 - 0x00007ffa9fe13000 	C:\WINDOWS\System32\msvcp_win.dll
0x00007ffaa0f20000 - 0x00007ffaa0f4f000 	C:\WINDOWS\System32\IMM32.DLL
0x00007ffa8cab0000 - 0x00007ffa8cabc000 	C:\Users\aurel\.p2\pool\plugins\org.eclipse.justj.openjdk.hotspot.jre.full.win32.x86_64_17.0.10.v20240120-1143\jre\bin\vcruntime140_1.dll
0x00007ffa584c0000 - 0x00007ffa5854d000 	C:\Users\aurel\.p2\pool\plugins\org.eclipse.justj.openjdk.hotspot.jre.full.win32.x86_64_17.0.10.v20240120-1143\jre\bin\msvcp140.dll
0x00007ffa1c660000 - 0x00007ffa1d2c2000 	C:\Users\aurel\.p2\pool\plugins\org.eclipse.justj.openjdk.hotspot.jre.full.win32.x86_64_17.0.10.v20240120-1143\jre\bin\server\jvm.dll
0x00007ffaa1420000 - 0x00007ffaa14d4000 	C:\WINDOWS\System32\ADVAPI32.dll
0x00007ffaa1be0000 - 0x00007ffaa1c86000 	C:\WINDOWS\System32\sechost.dll
0x00007ffaa1f40000 - 0x00007ffaa2056000 	C:\WINDOWS\System32\RPCRT4.dll
0x00007ffa9fc00000 - 0x00007ffa9fc4e000 	C:\WINDOWS\SYSTEM32\POWRPROF.dll
0x00007ffa8e6b0000 - 0x00007ffa8e6bb000 	C:\WINDOWS\SYSTEM32\VERSION.dll
0x00007ffa17b90000 - 0x00007ffa17b9a000 	C:\WINDOWS\SYSTEM32\WSOCK32.dll
0x00007ffa94000000 - 0x00007ffa94036000 	C:\WINDOWS\SYSTEM32\WINMM.dll
0x00007ffaa1dd0000 - 0x00007ffaa1e44000 	C:\WINDOWS\System32\WS2_32.dll
0x00007ffa9fbe0000 - 0x00007ffa9fbf4000 	C:\WINDOWS\SYSTEM32\UMPDC.dll
0x00007ffa9ebb0000 - 0x00007ffa9ebca000 	C:\WINDOWS\SYSTEM32\kernel.appcore.dll
0x00007ffa8ca20000 - 0x00007ffa8ca2a000 	C:\Users\aurel\.p2\pool\plugins\org.eclipse.justj.openjdk.hotspot.jre.full.win32.x86_64_17.0.10.v20240120-1143\jre\bin\jimage.dll
0x00007ffa9d700000 - 0x00007ffa9d941000 	C:\WINDOWS\SYSTEM32\DBGHELP.DLL
0x00007ffaa1000000 - 0x00007ffaa137e000 	C:\WINDOWS\System32\combase.dll
0x00007ffaa1cd0000 - 0x00007ffaa1da6000 	C:\WINDOWS\System32\OLEAUT32.dll
0x00007ffa8be90000 - 0x00007ffa8bec9000 	C:\WINDOWS\SYSTEM32\dbgcore.DLL
0x00007ffaa01e0000 - 0x00007ffaa0279000 	C:\WINDOWS\System32\bcryptPrimitives.dll
0x00007ffa8bb60000 - 0x00007ffa8bb85000 	C:\Users\aurel\.p2\pool\plugins\org.eclipse.justj.openjdk.hotspot.jre.full.win32.x86_64_17.0.10.v20240120-1143\jre\bin\java.dll

dbghelp: loaded successfully - version: 4.0.5 - missing functions: none
symbol engine: initialized successfully - sym options: 0x614 - pdb path: .;C:\Users\aurel\.p2\pool\plugins\org.eclipse.justj.openjdk.hotspot.jre.full.win32.x86_64_17.0.10.v20240120-1143\jre\bin;C:\WINDOWS\SYSTEM32;C:\WINDOWS\WinSxS\amd64_microsoft.windows.common-controls_6595b64144ccf1df_6.0.26100.2454_none_3e0b68a2e331ad60;C:\Users\aurel\.p2\pool\plugins\org.eclipse.justj.openjdk.hotspot.jre.full.win32.x86_64_17.0.10.v20240120-1143\jre\bin\server

VM Arguments:
jvm_args: -Dfile.encoding=UTF-8 -Dstdout.encoding=UTF-8 -Dstderr.encoding=UTF-8 -XX:+ShowCodeDetailsInExceptionMessages 
java_command: application.App
java_class_path (initial): C:\Users\aurel\git\repository\S3C01_Project\bin;C:\Users\aurel\git\repository\S3C01_Project\mysqljdbc\mysql-connector-j-9.1.0.jar;C:\Users\aurel\.p2\pool\plugins\org.junit_4.13.2.v20230809-1000.jar;C:\Users\aurel\.p2\pool\plugins\org.hamcrest_2.2.0.jar;C:\Users\aurel\.p2\pool\plugins\org.hamcrest.core_2.2.0.v20230809-1000.jar;C:\Users\aurel\git\repository\S3C01_Project\flatelaf\flatlaf-3.2.jar
Launcher Type: SUN_STANDARD

[Global flags]
     intx CICompilerCount                          = 12                                        {product} {ergonomic}
     uint ConcGCThreads                            = 3                                         {product} {ergonomic}
     uint G1ConcRefinementThreads                  = 13                                        {product} {ergonomic}
   size_t G1HeapRegionSize                         = 2097152                                   {product} {ergonomic}
    uintx GCDrainStackTargetSize                   = 64                                        {product} {ergonomic}
   size_t InitialHeapSize                          = 264241152                                 {product} {ergonomic}
   size_t MarkStackSize                            = 4194304                                   {product} {ergonomic}
   size_t MaxHeapSize                              = 4198498304                                {product} {ergonomic}
   size_t MinHeapDeltaBytes                        = 2097152                                   {product} {ergonomic}
   size_t MinHeapSize                              = 8388608                                   {product} {ergonomic}
    uintx NonNMethodCodeHeapSize                   = 7602480                                {pd product} {ergonomic}
    uintx NonProfiledCodeHeapSize                  = 122027880                              {pd product} {ergonomic}
    uintx ProfiledCodeHeapSize                     = 122027880                              {pd product} {ergonomic}
    uintx ReservedCodeCacheSize                    = 251658240                              {pd product} {ergonomic}
     bool SegmentedCodeCache                       = true                                      {product} {ergonomic}
     bool ShowCodeDetailsInExceptionMessages       = true                                   {manageable} {command line}
   size_t SoftMaxHeapSize                          = 4198498304                             {manageable} {ergonomic}
     bool UseCompressedClassPointers               = true                           {product lp64_product} {ergonomic}
     bool UseCompressedOops                        = true                           {product lp64_product} {ergonomic}
     bool UseG1GC                                  = true                                      {product} {ergonomic}
     bool UseLargePagesIndividualAllocation        = false                                  {pd product} {ergonomic}

Logging:
Log output configuration:
 #0: stdout all=warning uptime,level,tags
 #1: stderr all=off uptime,level,tags

Environment Variables:
PATH=C:/Users/aurel/.p2/pool/plugins/org.eclipse.justj.openjdk.hotspot.jre.full.win32.x86_64_17.0.11.v20240426-1830/jre/bin/server;C:/Users/aurel/.p2/pool/plugins/org.eclipse.justj.openjdk.hotspot.jre.full.win32.x86_64_17.0.11.v20240426-1830/jre/bin;C:\Program Files (x86)\Common Files\Oracle\Java\java8path;C:\Program Files (x86)\Common Files\Oracle\Java\javapath;C:\Python312\Scripts\;C:\Python312\;C:\WINDOWS\system32;C:\WINDOWS;C:\WINDOWS\System32\Wbem;C:\WINDOWS\System32\WindowsPowerShell\v1.0\;C:\WINDOWS\System32\OpenSSH\;C:\Program Files\dotnet\;C:\Program Files (x86)\Windows Kits\10\Windows Performance Toolkit\;C:\MinGW\bin;C:\Program Files\nodejs\;C:\ProgramData\chocolatey\bin;C:\Program Files\CMake\bin;C:\Program Files\Git\cmd;C:\Program Files\Neovim\bin;C:\Users\aurel\.cargo\bin;C:\Users\aurel\AppData\Local\Microsoft\WindowsApps;C:\msys64\ucrt64\bin;C:\Users\aurel\AppData\Local\GitHubDesktop\bin;C:\Program Files\JetBrains\IntelliJ IDEA 2023.3.6\bin;;C:\MinGW\bin;C:\Users\aurel\AppData\Roaming\npm;C:\Users\aurel\.dotnet\tools;C:\Users\aurel\AppData\Local\Programs\VSCodium\bin;;C:\Users\aurel\AppData\Local\spicetify;C:\Users\aurel\AppData\Local\Programs\Microsoft VS Code\bin;C:\WINDOWS\system32;
USERNAME=aurel
OS=Windows_NT
PROCESSOR_IDENTIFIER=Intel64 Family 6 Model 154 Stepping 3, GenuineIntel
TMP=C:\Users\aurel\AppData\Local\Temp
TEMP=C:\Users\aurel\AppData\Local\Temp



Periodic native trim disabled


---------------  S Y S T E M  ---------------

OS:
 Windows 11 , 64 bit Build 26100 (10.0.26100.2454)
OS uptime: 2 days 4:26 hours
Hyper-V role detected

CPU: total 16 (initial active 16) (8 cores per cpu, 2 threads per core) family 6 model 154 stepping 3 microcode 0x421, cx8, cmov, fxsr, ht, mmx, 3dnowpref, sse, sse2, sse3, ssse3, sse4.1, sse4.2, popcnt, lzcnt, tsc, tscinvbit, avx, avx2, aes, erms, clmul, bmi1, bmi2, adx, sha, fma, vzeroupper, clflush, clflushopt, clwb, hv
Processor Information for processor 0
  Max Mhz: 1700, Current Mhz: 1700, Mhz Limit: 1700
Processor Information for processor 1
  Max Mhz: 1700, Current Mhz: 1700, Mhz Limit: 1700
Processor Information for processor 2
  Max Mhz: 1700, Current Mhz: 1700, Mhz Limit: 1700
Processor Information for processor 3
  Max Mhz: 1700, Current Mhz: 1457, Mhz Limit: 1700
Processor Information for processor 4
  Max Mhz: 1700, Current Mhz: 1700, Mhz Limit: 1700
Processor Information for processor 5
  Max Mhz: 1700, Current Mhz: 1457, Mhz Limit: 1700
Processor Information for processor 6
  Max Mhz: 1700, Current Mhz: 1700, Mhz Limit: 1700
Processor Information for processor 7
  Max Mhz: 1700, Current Mhz: 1700, Mhz Limit: 1700
Processor Information for processor 8
  Max Mhz: 1700, Current Mhz: 1200, Mhz Limit: 1190
Processor Information for processor 9
  Max Mhz: 1700, Current Mhz: 1200, Mhz Limit: 1190
Processor Information for processor 10
  Max Mhz: 1700, Current Mhz: 1200, Mhz Limit: 1190
Processor Information for processor 11
  Max Mhz: 1700, Current Mhz: 1200, Mhz Limit: 1190
Processor Information for processor 12
  Max Mhz: 1700, Current Mhz: 1200, Mhz Limit: 1190
Processor Information for processor 13
  Max Mhz: 1700, Current Mhz: 1200, Mhz Limit: 1190
Processor Information for processor 14
  Max Mhz: 1700, Current Mhz: 1200, Mhz Limit: 1190
Processor Information for processor 15
  Max Mhz: 1700, Current Mhz: 1200, Mhz Limit: 1190

Memory: 4k page, system-wide physical 16008M (4174M free)
TotalPageFile size 16008M (AvailPageFile size 205M)
current process WorkingSet (physical memory assigned to process): 12M, peak: 12M
current process commit charge ("private bytes"): 70M, peak: 322M

vm_info: OpenJDK 64-Bit Server VM (17.0.10+7) for windows-amd64 JRE (17.0.10+7), built on Jan 16 2024 23:25:11 by "admin" with MS VC++ 16.10 / 16.11 (VS2019)

END.
